2015-04-12 12:44:24.287 [info] <0.7.0> Application lager started on node nonode@nohost
2015-04-12 12:44:38.624 [warning] <0.71.0>@sulibarri_dht_app:start:14 Did i work?
2015-04-12 12:44:38.628 [info] <0.7.0> Application sulibarri_dht started on node nonode@nohost
2015-04-12 16:54:44.604 [info] <0.7.0> Application lager started on node nonode@nohost
2015-04-12 17:12:23.547 [info] <0.7.0> Application lager started on node nonode@nohost
2015-04-12 17:12:45.587 [info] <0.7.0> Application lager started on node nonode@nohost
2015-04-12 17:12:45.588 [info] <0.7.0> Application sulibarri_dht started on node nonode@nohost
2015-04-12 22:04:16.273 [info] <0.7.0> Application lager started on node nonode@nohost
2015-04-12 22:04:16.275 [info] <0.7.0> Application sulibarri_dht started on node nonode@nohost
2015-04-12 22:04:54.036 [info] <0.7.0> Application lager started on node nonode@nohost
2015-04-12 22:04:54.037 [info] <0.7.0> Application sulibarri_dht started on node nonode@nohost
2015-04-13 10:32:01.820 [info] <0.7.0> Application lager started on node nonode@nohost
2015-04-13 10:32:01.822 [info] <0.7.0> Application sulibarri_dht started on node nonode@nohost
2015-04-13 14:10:23.938 [info] <0.7.0> Application lager started on node nonode@nohost
2015-04-13 14:10:23.939 [info] <0.7.0> Application sulibarri_dht started on node nonode@nohost
2015-04-13 14:10:25.635 [info] <0.7.0> Application lager started on node nonode@nohost
2015-04-13 14:10:25.637 [info] <0.7.0> Application sulibarri_dht started on node nonode@nohost
2015-04-13 14:13:02.286 [info] <0.7.0> Application lager started on node nonode@nohost
2015-04-13 14:13:02.287 [info] <0.7.0> Application sulibarri_dht started on node nonode@nohost
2015-04-13 14:19:53.276 [info] <0.7.0> Application lager started on node nonode@nohost
2015-04-13 14:19:53.277 [info] <0.69.0>@sulibarri_dht_sup:init:26 dht supervisor started.
2015-04-13 14:19:53.278 [info] <0.70.0>@sulibarri_dht_node:init:39 dht node started.
2015-04-13 14:19:53.280 [info] <0.71.0>@sulibarri_dht_ring_manager:init:16 ring manager started.
2015-04-13 14:19:53.280 [info] <0.7.0> Application sulibarri_dht started on node nonode@nohost
2015-04-13 14:20:10.761 [info] <0.70.0>@sulibarri_dht_node:handle_call:44 ~p put
2015-04-13 14:20:48.378 [info] <0.7.0> Application lager started on node nonode@nohost
2015-04-13 14:20:48.379 [info] <0.69.0>@sulibarri_dht_sup:init:26 dht supervisor started.
2015-04-13 14:20:48.379 [info] <0.70.0>@sulibarri_dht_node:init:39 dht node started.
2015-04-13 14:20:48.381 [info] <0.71.0>@sulibarri_dht_ring_manager:init:16 ring manager started.
2015-04-13 14:20:48.381 [info] <0.7.0> Application sulibarri_dht started on node nonode@nohost
2015-04-13 14:20:55.568 [info] <0.70.0>@sulibarri_dht_node:handle_call:44 nonode@nohost
2015-04-13 14:22:51.786 [info] <0.7.0> Application lager started on node nonode@nohost
2015-04-13 14:22:51.786 [info] <0.69.0>@sulibarri_dht_sup:init:26 dht supervisor started.
2015-04-13 14:22:51.787 [info] <0.70.0>@sulibarri_dht_node:init:39 dht node started.
2015-04-13 14:22:51.789 [info] <0.71.0>@sulibarri_dht_ring_manager:init:16 ring manager started.
2015-04-13 14:22:51.789 [info] <0.7.0> Application sulibarri_dht started on node nonode@nohost
2015-04-13 14:22:58.116 [info] <0.70.0>@sulibarri_dht_node:handle_call:44 Node: nonode@nohost put {1,2}
2015-04-16 00:27:23.113 [info] <0.7.0> Application lager started on node nonode@nohost
2015-04-16 00:27:23.123 [info] <0.7.0> Application sulibarri_dht started on node nonode@nohost
2015-04-16 00:29:33.594 [info] <0.7.0> Application lager started on node nonode@nohost
2015-04-16 00:29:33.596 [info] <0.7.0> Application sulibarri_dht started on node nonode@nohost
2015-04-16 00:29:57.885 [info] <0.7.0> Application lager started on node nonode@nohost
2015-04-16 00:29:57.887 [info] <0.7.0> Application sulibarri_dht started on node nonode@nohost
2015-04-16 00:30:04.817 [error] <0.70.0> gen_server sulibarri_dht_node terminated with reason: no function clause matching sulibarri_dht_node:handle_cast({put,1,1}, []) line 49
2015-04-16 00:30:04.817 [error] <0.70.0> CRASH REPORT Process sulibarri_dht_node with 0 neighbours exited with reason: no function clause matching sulibarri_dht_node:handle_cast({put,1,1}, []) line 49 in gen_server:terminate/7 line 804
2015-04-16 00:30:04.817 [error] <0.69.0> Supervisor sulibarri_dht_sup had child sulibarri_dht_node started with sulibarri_dht_node:start_link() at <0.70.0> exit with reason no function clause matching sulibarri_dht_node:handle_cast({put,1,1}, []) line 49 in context child_terminated
2015-04-16 00:30:38.900 [error] <0.71.0> gen_server sulibarri_dht_node terminated with reason: no function clause matching sulibarri_dht_node:handle_cast({put,1,1}, []) line 49
2015-04-16 00:30:38.900 [error] <0.71.0> CRASH REPORT Process sulibarri_dht_node with 0 neighbours exited with reason: no function clause matching sulibarri_dht_node:handle_cast({put,1,1}, []) line 49 in gen_server:terminate/7 line 804
2015-04-16 00:30:38.900 [error] <0.69.0> Supervisor sulibarri_dht_sup had child sulibarri_dht_node started with sulibarri_dht_node:start_link() at <0.71.0> exit with reason no function clause matching sulibarri_dht_node:handle_cast({put,1,1}, []) line 49 in context child_terminated
2015-04-16 00:30:56.543 [info] <0.7.0> Application lager started on node nonode@nohost
2015-04-16 00:30:56.545 [info] <0.7.0> Application sulibarri_dht started on node nonode@nohost
2015-04-16 00:31:09.282 [info] <0.70.0>@sulibarri_dht_node:handle_cast:51 Broadcasting put(1, 1) to [nonode@nohost].
2015-04-16 00:31:09.282 [info] <0.70.0>@sulibarri_dht_node:handle_cast:72 Recieved put(1, 1) from nonode@nohost.
2015-04-16 00:31:09.283 [error] <0.70.0> gen_server sulibarri_dht_node terminated with reason: bad argument in call to ets:insert(dht_ets, {1,1}) in sulibarri_dht_ets_store:put/2 line 12
2015-04-16 00:31:09.283 [error] <0.70.0> CRASH REPORT Process sulibarri_dht_node with 0 neighbours exited with reason: bad argument in call to ets:insert(dht_ets, {1,1}) in sulibarri_dht_ets_store:put/2 line 12 in gen_server:terminate/7 line 804
2015-04-16 00:31:09.283 [error] <0.69.0> Supervisor sulibarri_dht_sup had child sulibarri_dht_node started with sulibarri_dht_node:start_link() at <0.70.0> exit with reason bad argument in call to ets:insert(dht_ets, {1,1}) in sulibarri_dht_ets_store:put/2 line 12 in context child_terminated
2015-04-16 00:32:36.529 [info] <0.7.0> Application lager started on node nonode@nohost
2015-04-16 00:32:36.531 [info] <0.7.0> Application sulibarri_dht started on node nonode@nohost
2015-04-16 00:32:46.449 [info] <0.70.0>@sulibarri_dht_node:handle_cast:51 Broadcasting put(1, 1) to [nonode@nohost].
2015-04-16 00:32:46.449 [info] <0.70.0>@sulibarri_dht_node:handle_cast:72 Recieved put(1, 1) from nonode@nohost.
2015-04-16 00:32:46.449 [error] <0.70.0> gen_server sulibarri_dht_node terminated with reason: bad argument in call to ets:insert(dht_ets, {1,1}) in sulibarri_dht_ets_store:put/2 line 12
2015-04-16 00:32:46.449 [error] <0.70.0> CRASH REPORT Process sulibarri_dht_node with 0 neighbours exited with reason: bad argument in call to ets:insert(dht_ets, {1,1}) in sulibarri_dht_ets_store:put/2 line 12 in gen_server:terminate/7 line 804
2015-04-16 00:32:46.450 [error] <0.69.0> Supervisor sulibarri_dht_sup had child sulibarri_dht_node started with sulibarri_dht_node:start_link() at <0.70.0> exit with reason bad argument in call to ets:insert(dht_ets, {1,1}) in sulibarri_dht_ets_store:put/2 line 12 in context child_terminated
2015-04-16 00:36:52.657 [info] <0.7.0> Application lager started on node nonode@nohost
2015-04-16 00:36:52.658 [info] <0.68.0>@sulibarri_dht_ets_store:init:8 Local storage initialized.
2015-04-16 00:36:52.660 [info] <0.7.0> Application sulibarri_dht started on node nonode@nohost
2015-04-16 00:37:13.760 [info] <0.70.0>@sulibarri_dht_node:handle_cast:51 Broadcasting put(1, 1) to [nonode@nohost].
2015-04-16 00:37:13.760 [info] <0.70.0>@sulibarri_dht_node:handle_cast:72 Recieved put(1, 1) from nonode@nohost.
2015-04-16 00:37:13.760 [error] <0.70.0> gen_server sulibarri_dht_node terminated with reason: bad argument in call to ets:insert(dht_ets, {1,1}) in sulibarri_dht_ets_store:put/2 line 13
2015-04-16 00:37:13.761 [error] <0.70.0> CRASH REPORT Process sulibarri_dht_node with 0 neighbours exited with reason: bad argument in call to ets:insert(dht_ets, {1,1}) in sulibarri_dht_ets_store:put/2 line 13 in gen_server:terminate/7 line 804
2015-04-16 00:37:13.761 [error] <0.69.0> Supervisor sulibarri_dht_sup had child sulibarri_dht_node started with sulibarri_dht_node:start_link() at <0.70.0> exit with reason bad argument in call to ets:insert(dht_ets, {1,1}) in sulibarri_dht_ets_store:put/2 line 13 in context child_terminated
2015-04-16 00:39:54.449 [info] <0.7.0> Application lager started on node nonode@nohost
2015-04-16 00:39:54.450 [info] <0.68.0>@sulibarri_dht_ets_store:init:8 Local storage initialized.
2015-04-16 00:39:54.452 [info] <0.7.0> Application sulibarri_dht started on node nonode@nohost
2015-04-16 00:40:03.423 [info] <0.70.0>@sulibarri_dht_node:handle_cast:51 Broadcasting put(1, 1) to [nonode@nohost].
2015-04-16 00:40:03.423 [info] <0.70.0>@sulibarri_dht_node:handle_cast:72 Recieved put(1, 1) from nonode@nohost.
2015-04-16 00:40:03.423 [error] <0.70.0> gen_server sulibarri_dht_node terminated with reason: bad argument in call to ets:insert(dht_ets, {1,1}) in sulibarri_dht_ets_store:put/2 line 13
2015-04-16 00:40:03.424 [error] <0.70.0> CRASH REPORT Process sulibarri_dht_node with 0 neighbours exited with reason: bad argument in call to ets:insert(dht_ets, {1,1}) in sulibarri_dht_ets_store:put/2 line 13 in gen_server:terminate/7 line 804
2015-04-16 00:40:03.424 [error] <0.69.0> Supervisor sulibarri_dht_sup had child sulibarri_dht_node started with sulibarri_dht_node:start_link() at <0.70.0> exit with reason bad argument in call to ets:insert(dht_ets, {1,1}) in sulibarri_dht_ets_store:put/2 line 13 in context child_terminated
2015-04-16 00:43:58.191 [error] <0.71.0> gen_server sulibarri_dht_node terminated with reason: no match of right hand value {error,not_found} in sulibarri_dht_node:handle_call/3 line 46
2015-04-16 00:43:58.192 [error] <0.71.0> CRASH REPORT Process sulibarri_dht_node with 0 neighbours exited with reason: no match of right hand value {error,not_found} in sulibarri_dht_node:handle_call/3 line 46 in gen_server:terminate/7 line 804
2015-04-16 00:43:58.192 [error] <0.69.0> Supervisor sulibarri_dht_sup had child sulibarri_dht_node started with sulibarri_dht_node:start_link() at <0.71.0> exit with reason no match of right hand value {error,not_found} in sulibarri_dht_node:handle_call/3 line 46 in context child_terminated
2015-04-16 00:47:18.850 [info] <0.7.0> Application lager started on node nonode@nohost
2015-04-16 00:47:18.851 [info] <0.68.0>@sulibarri_dht_ets_store:init:8 Local storage initialized.
2015-04-16 00:47:18.854 [info] <0.7.0> Application sulibarri_dht started on node nonode@nohost
2015-04-16 00:47:27.072 [error] <0.70.0> gen_server sulibarri_dht_node terminated with reason: no match of right hand value {error,not_found} in sulibarri_dht_node:handle_call/3 line 46
2015-04-16 00:47:27.072 [error] <0.70.0> CRASH REPORT Process sulibarri_dht_node with 0 neighbours exited with reason: no match of right hand value {error,not_found} in sulibarri_dht_node:handle_call/3 line 46 in gen_server:terminate/7 line 804
2015-04-16 00:47:27.072 [error] <0.69.0> Supervisor sulibarri_dht_sup had child sulibarri_dht_node started with sulibarri_dht_node:start_link() at <0.70.0> exit with reason no match of right hand value {error,not_found} in sulibarri_dht_node:handle_call/3 line 46 in context child_terminated
2015-04-16 00:50:24.995 [info] <0.7.0> Application lager started on node nonode@nohost
2015-04-16 00:50:24.996 [info] <0.68.0>@sulibarri_dht_ets_store:init:8 Local storage initialized.
2015-04-16 00:50:24.999 [info] <0.7.0> Application sulibarri_dht started on node nonode@nohost
2015-04-16 00:51:03.878 [info] <0.7.0> Application lager started on node nonode@nohost
2015-04-16 00:51:03.879 [info] <0.68.0>@sulibarri_dht_ets_store:init:8 Local storage initialized.
2015-04-16 00:51:03.881 [info] <0.7.0> Application sulibarri_dht started on node nonode@nohost
2015-04-16 00:51:28.538 [info] <0.70.0>@sulibarri_dht_node:handle_cast:59 Broadcasting put(1, 1) to [nonode@nohost].
2015-04-16 00:51:28.538 [info] <0.70.0>@sulibarri_dht_node:handle_cast:80 Recieved put(1, 1) from nonode@nohost.
2015-04-16 00:55:44.413 [info] <0.7.0> Application lager started on node nonode@nohost
2015-04-16 00:55:44.414 [info] <0.68.0>@sulibarri_dht_ets_store:init:8 Local storage initialized.
2015-04-16 00:55:44.416 [info] <0.7.0> Application sulibarri_dht started on node nonode@nohost
2015-04-16 00:55:56.221 [info] <0.70.0>@sulibarri_dht_node:handle_cast:59 Broadcasting put(1, 1) to [nonode@nohost].
2015-04-16 00:55:56.221 [info] <0.70.0>@sulibarri_dht_node:handle_cast:80 Recieved put(1, 1) from nonode@nohost.
2015-04-16 00:57:25.791 [info] <0.7.0> Application lager started on node nonode@nohost
2015-04-16 00:57:25.792 [info] <0.68.0>@sulibarri_dht_ets_store:init:8 Local storage initialized.
2015-04-16 00:57:25.794 [info] <0.7.0> Application sulibarri_dht started on node nonode@nohost
2015-04-16 00:57:33.195 [info] <0.70.0>@sulibarri_dht_node:handle_cast:59 Broadcasting put(1, 1) to [nonode@nohost].
2015-04-16 00:57:33.195 [info] <0.70.0>@sulibarri_dht_node:handle_cast:80 Recieved put(1, 1) from nonode@nohost.
2015-04-16 01:03:53.425 [info] <0.7.0> Application lager started on node 'NodeA@localhost'
2015-04-16 01:03:53.426 [info] <0.74.0>@sulibarri_dht_ets_store:init:8 Local storage initialized.
2015-04-16 01:03:53.428 [info] <0.7.0> Application sulibarri_dht started on node 'NodeA@localhost'
2015-04-16 01:05:02.938 [info] <0.7.0> Application lager started on node 'NodeB@localhost'
2015-04-16 01:05:02.939 [info] <0.74.0>@sulibarri_dht_ets_store:init:8 Local storage initialized.
2015-04-16 01:05:02.941 [info] <0.7.0> Application sulibarri_dht started on node 'NodeB@localhost'
2015-04-16 01:05:10.465 [info] <0.7.0> Application lager started on node 'NodeC@localhost'
2015-04-16 01:05:10.466 [info] <0.74.0>@sulibarri_dht_ets_store:init:8 Local storage initialized.
2015-04-16 01:05:10.468 [info] <0.7.0> Application sulibarri_dht started on node 'NodeC@localhost'
2015-04-16 01:05:51.562 [info] <0.76.0>@sulibarri_dht_node:handle_cast:88 Node: 'NodeB@localhost' joining cluster.
2015-04-16 01:06:04.725 [info] <0.76.0>@sulibarri_dht_node:handle_cast:57 Broadcasting put(1, 1) to ['NodeA@localhost','NodeB@localhost'].
2015-04-16 01:06:04.725 [info] <0.76.0>@sulibarri_dht_node:handle_cast:78 Recieved put(1, 1) from 'NodeA@localhost'.
2015-04-16 01:06:04.725 [info] <0.76.0>@sulibarri_dht_node:handle_cast:78 Recieved put(1, 1) from 'NodeA@localhost'.
2015-04-16 01:06:46.153 [info] <0.76.0>@sulibarri_dht_node:handle_cast:88 Node: 'NodeB@localhost' joining cluster.
2015-04-16 01:07:23.813 [info] <0.76.0>@sulibarri_dht_node:handle_cast:57 Broadcasting put(12345, 54321) to ['NodeC@localhost','NodeB@localhost','NodeA@localhost'].
2015-04-16 01:07:23.813 [info] <0.76.0>@sulibarri_dht_node:handle_cast:78 Recieved put(12345, 54321) from 'NodeC@localhost'.
2015-04-16 01:07:23.813 [info] <0.76.0>@sulibarri_dht_node:handle_cast:78 Recieved put(12345, 54321) from 'NodeC@localhost'.
2015-04-16 01:07:23.813 [info] <0.76.0>@sulibarri_dht_node:handle_cast:78 Recieved put(12345, 54321) from 'NodeC@localhost'.
2015-04-16 01:09:12.211 [info] <0.7.0> Application lager started on node 'NodeD@localhost'
2015-04-16 01:09:12.212 [info] <0.74.0>@sulibarri_dht_ets_store:init:8 Local storage initialized.
2015-04-16 01:09:12.214 [info] <0.7.0> Application sulibarri_dht started on node 'NodeD@localhost'
2015-04-16 01:09:35.108 [info] <0.76.0>@sulibarri_dht_node:handle_cast:57 Broadcasting put("asdf", 1024) to ['NodeD@localhost'].
2015-04-16 01:09:35.108 [info] <0.76.0>@sulibarri_dht_node:handle_cast:78 Recieved put("asdf", 1024) from 'NodeD@localhost'.
2015-04-16 01:10:01.763 [info] <0.76.0>@sulibarri_dht_node:handle_cast:88 Node: 'NodeA@localhost' joining cluster.
2015-04-16 01:10:06.392 [info] <0.76.0>@sulibarri_dht_node:handle_cast:57 Broadcasting put("asdf", 1024) to ['NodeD@localhost','NodeA@localhost','NodeB@localhost','NodeC@localhost'].
2015-04-16 01:10:06.392 [info] <0.76.0>@sulibarri_dht_node:handle_cast:78 Recieved put("asdf", 1024) from 'NodeD@localhost'.
2015-04-16 01:10:06.393 [info] <0.76.0>@sulibarri_dht_node:handle_cast:78 Recieved put("asdf", 1024) from 'NodeD@localhost'.
2015-04-16 01:10:06.393 [info] <0.76.0>@sulibarri_dht_node:handle_cast:78 Recieved put("asdf", 1024) from 'NodeD@localhost'.
2015-04-16 01:10:06.393 [info] <0.76.0>@sulibarri_dht_node:handle_cast:78 Recieved put("asdf", 1024) from 'NodeD@localhost'.
2015-04-16 01:10:27.238 [info] <0.76.0>@sulibarri_dht_node:handle_cast:78 Recieved put(11, "eleven") from 'NodeD@localhost'.
2015-04-16 01:10:27.238 [info] <0.76.0>@sulibarri_dht_node:handle_cast:57 Broadcasting put(11, "eleven") to ['NodeD@localhost','NodeA@localhost','NodeB@localhost','NodeC@localhost'].
2015-04-16 01:10:27.238 [info] <0.76.0>@sulibarri_dht_node:handle_cast:78 Recieved put(11, "eleven") from 'NodeD@localhost'.
2015-04-16 01:10:27.238 [info] <0.76.0>@sulibarri_dht_node:handle_cast:78 Recieved put(11, "eleven") from 'NodeD@localhost'.
2015-04-16 01:10:27.238 [info] <0.76.0>@sulibarri_dht_node:handle_cast:78 Recieved put(11, "eleven") from 'NodeD@localhost'.
2015-04-16 01:15:09.576 [info] <0.76.0>@sulibarri_dht_node:handle_cast:57 Broadcasting put(100, "this works") to ['NodeC@localhost','NodeB@localhost','NodeA@localhost','NodeD@localhost'].
2015-04-16 01:15:09.576 [info] <0.76.0>@sulibarri_dht_node:handle_cast:78 Recieved put(100, "this works") from 'NodeC@localhost'.
2015-04-16 01:15:09.576 [info] <0.76.0>@sulibarri_dht_node:handle_cast:78 Recieved put(100, "this works") from 'NodeC@localhost'.
2015-04-16 01:15:09.576 [info] <0.76.0>@sulibarri_dht_node:handle_cast:78 Recieved put(100, "this works") from 'NodeC@localhost'.
2015-04-16 01:15:09.576 [info] <0.76.0>@sulibarri_dht_node:handle_cast:78 Recieved put(100, "this works") from 'NodeC@localhost'.
2015-04-16 07:49:08.321 [info] <0.76.0>@sulibarri_dht_node:handle_cast:57 Broadcasting put("Kevin", hat) to ['NodeC@localhost','NodeB@localhost','NodeA@localhost','NodeD@localhost'].
2015-04-16 07:49:08.322 [info] <0.76.0>@sulibarri_dht_node:handle_cast:78 Recieved put("Kevin", hat) from 'NodeC@localhost'.
2015-04-16 07:49:08.322 [info] <0.76.0>@sulibarri_dht_node:handle_cast:78 Recieved put("Kevin", hat) from 'NodeC@localhost'.
2015-04-16 07:49:08.322 [info] <0.76.0>@sulibarri_dht_node:handle_cast:78 Recieved put("Kevin", hat) from 'NodeC@localhost'.
2015-04-16 07:49:08.322 [info] <0.76.0>@sulibarri_dht_node:handle_cast:78 Recieved put("Kevin", hat) from 'NodeC@localhost'.
2015-04-16 11:43:53.272 [info] <0.7.0> Application lager started on node 'NodeA@localhost'
2015-04-16 11:43:53.273 [info] <0.74.0>@sulibarri_dht_ets_store:init:8 Local storage initialized.
2015-04-16 11:43:53.276 [info] <0.7.0> Application sulibarri_dht started on node 'NodeA@localhost'
2015-04-16 11:44:02.218 [info] <0.7.0> Application lager started on node 'NodeB@localhost'
2015-04-16 11:44:02.219 [info] <0.74.0>@sulibarri_dht_ets_store:init:8 Local storage initialized.
2015-04-16 11:44:02.222 [info] <0.7.0> Application sulibarri_dht started on node 'NodeB@localhost'
2015-04-16 11:44:17.230 [info] <0.76.0>@sulibarri_dht_node:handle_cast:81 Broadcasting put(1, 1) to ['NodeA@localhost'].
2015-04-16 11:44:17.230 [info] <0.76.0>@sulibarri_dht_node:handle_cast:102 Recieved put(1, 1) from 'NodeA@localhost'.
2015-04-16 11:46:20.227 [info] <0.7.0> Application lager started on node nodeA@localhost
2015-04-16 11:46:20.228 [info] <0.74.0>@sulibarri_dht_ets_store:init:8 Local storage initialized.
2015-04-16 11:46:20.230 [info] <0.7.0> Application sulibarri_dht started on node nodeA@localhost
2015-04-16 11:46:25.002 [info] <0.7.0> Application lager started on node nodeB@localhost
2015-04-16 11:46:25.003 [info] <0.74.0>@sulibarri_dht_ets_store:init:8 Local storage initialized.
2015-04-16 11:46:25.006 [info] <0.7.0> Application sulibarri_dht started on node nodeB@localhost
2015-04-16 11:46:35.839 [info] <0.76.0>@sulibarri_dht_node:handle_cast:81 Broadcasting put(1, 1) to [nodeA@localhost].
2015-04-16 11:46:35.839 [info] <0.76.0>@sulibarri_dht_node:handle_cast:102 Recieved put(1, 1) from nodeA@localhost.
2015-04-16 11:47:28.317 [error] <0.76.0> gen_server sulibarri_dht_node terminated with reason: {'module could not be loaded',[{bet_adm,ping,[nodeA@localhost],[]},{sulibarri_dht_node,handle_call,3,[{file,"src/sulibarri_dht_node.erl"},{line,58}]},{gen_server,try_handle_call,4,[{file,"gen_server.erl"},{line,607}]},{gen_server,handle_msg,5,[{file,"gen_server.erl"},{line,639}]},{proc_lib,init_p_do_apply,3,[{file,"proc_lib.erl"},{line,237}]}]}
2015-04-16 11:47:28.317 [error] <0.76.0> CRASH REPORT Process sulibarri_dht_node with 0 neighbours exited with reason: call to undefined function bet_adm:ping(nodeA@localhost) in gen_server:terminate/7 line 804
2015-04-16 11:47:28.317 [error] <0.75.0> Supervisor sulibarri_dht_sup had child sulibarri_dht_node started with sulibarri_dht_node:start_link() at <0.76.0> exit with reason call to undefined function bet_adm:ping(nodeA@localhost) in context child_terminated
2015-04-16 11:48:07.020 [info] <0.7.0> Application lager started on node nodeA@localhost
2015-04-16 11:48:07.021 [info] <0.74.0>@sulibarri_dht_ets_store:init:8 Local storage initialized.
2015-04-16 11:48:07.024 [info] <0.7.0> Application sulibarri_dht started on node nodeA@localhost
2015-04-16 11:48:08.878 [info] <0.7.0> Application lager started on node nodeB@localhost
2015-04-16 11:48:08.879 [info] <0.74.0>@sulibarri_dht_ets_store:init:8 Local storage initialized.
2015-04-16 11:48:08.881 [info] <0.7.0> Application sulibarri_dht started on node nodeB@localhost
2015-04-16 11:51:49.155 [info] <0.76.0>@sulibarri_dht_node:handle_cast:81 Broadcasting put(1, 1) to [nodeA@localhost].
2015-04-16 11:51:49.155 [info] <0.76.0>@sulibarri_dht_node:handle_cast:102 Recieved put(1, 1) from nodeA@localhost.
2015-04-16 11:52:07.004 [info] <0.76.0>@sulibarri_dht_node:handle_cast:112 joining nodeB@localhost cluster.
2015-04-16 11:52:47.619 [info] <0.7.0> Application lager started on node nodeA@localhost
2015-04-16 11:52:47.620 [info] <0.74.0>@sulibarri_dht_ets_store:init:8 Local storage initialized.
2015-04-16 11:52:47.622 [info] <0.7.0> Application sulibarri_dht started on node nodeA@localhost
2015-04-16 11:54:17.266 [info] <0.7.0> Application lager started on node nodeA@localhost
2015-04-16 11:54:17.267 [info] <0.74.0>@sulibarri_dht_ets_store:init:8 Local storage initialized.
2015-04-16 11:54:17.270 [info] <0.7.0> Application sulibarri_dht started on node nodeA@localhost
2015-04-16 11:54:18.780 [info] <0.7.0> Application lager started on node nodeB@localhost
2015-04-16 11:54:18.781 [info] <0.74.0>@sulibarri_dht_ets_store:init:8 Local storage initialized.
2015-04-16 11:54:18.784 [info] <0.7.0> Application sulibarri_dht started on node nodeB@localhost
2015-04-16 11:54:33.299 [info] <0.76.0>@sulibarri_dht_node:handle_cast:112 joining nodeA@localhost cluster.
2015-04-16 12:30:23.279 [info] <0.7.0> Application lager started on node nodeA@localhost
2015-04-16 12:30:23.280 [info] <0.74.0>@sulibarri_dht_ets_store:init:8 Local storage initialized.
2015-04-16 12:30:23.283 [info] <0.7.0> Application sulibarri_dht started on node nodeA@localhost
2015-04-16 12:30:25.141 [info] <0.7.0> Application lager started on node nodeB@localhost
2015-04-16 12:30:25.142 [info] <0.74.0>@sulibarri_dht_ets_store:init:8 Local storage initialized.
2015-04-16 12:30:25.145 [info] <0.7.0> Application sulibarri_dht started on node nodeB@localhost
2015-04-16 12:39:16.102 [info] <0.7.0> Application lager started on node nodeA@localhost
2015-04-16 12:39:16.103 [info] <0.74.0>@sulibarri_dht_ets_store:init:8 Local storage initialized.
2015-04-16 12:39:16.106 [info] <0.7.0> Application sulibarri_dht started on node nodeA@localhost
2015-04-16 12:39:17.758 [info] <0.7.0> Application lager started on node nodeB@localhost
2015-04-16 12:39:17.759 [info] <0.74.0>@sulibarri_dht_ets_store:init:8 Local storage initialized.
2015-04-16 12:39:17.762 [info] <0.7.0> Application sulibarri_dht started on node nodeB@localhost
2015-04-16 12:39:31.000 [info] <0.76.0>@sulibarri_dht_node:handle_cast:84 Broadcasting put(1, 11) to [nodeA@localhost].
2015-04-16 12:39:31.000 [info] <0.76.0>@sulibarri_dht_node:handle_cast:105 Recieved put(1, 11) from nodeA@localhost.
2015-04-16 12:39:44.956 [info] <0.76.0>@sulibarri_dht_node:handle_cast:84 Broadcasting put(2, 22) to [nodeA@localhost].
2015-04-16 12:39:44.956 [info] <0.76.0>@sulibarri_dht_node:handle_cast:105 Recieved put(2, 22) from nodeA@localhost.
2015-04-16 12:40:01.700 [info] <0.76.0>@sulibarri_dht_node:handle_call:56 Sending join request at nodeA@localhost
2015-04-16 12:40:01.721 [info] <0.76.0>@sulibarri_dht_node:handle_call:62 Join request recieved, requesting data.
2015-04-16 12:40:01.722 [info] <0.76.0>@sulibarri_dht_node:handle_call:78 Recieved data request from nodeB@localhost, sending...
2015-04-16 12:40:01.722 [info] <0.76.0>@sulibarri_dht_node:handle_cast:115 nodeB@localhost joining cluster.
2015-04-16 12:40:45.374 [info] <0.76.0>@sulibarri_dht_node:handle_cast:84 Broadcasting put(3, 33) to [nodeB@localhost,nodeA@localhost].
2015-04-16 12:40:45.374 [info] <0.76.0>@sulibarri_dht_node:handle_cast:105 Recieved put(3, 33) from nodeB@localhost.
2015-04-16 12:40:45.374 [info] <0.76.0>@sulibarri_dht_node:handle_cast:105 Recieved put(3, 33) from nodeB@localhost.
2015-04-16 12:41:17.812 [info] <0.7.0> Application lager started on node nodeC@localhost
2015-04-16 12:41:17.813 [info] <0.74.0>@sulibarri_dht_ets_store:init:8 Local storage initialized.
2015-04-16 12:41:17.816 [info] <0.7.0> Application sulibarri_dht started on node nodeC@localhost
2015-04-16 12:41:39.660 [info] <0.76.0>@sulibarri_dht_node:handle_call:56 Sending join request at nodeA@localhost
2015-04-16 12:41:39.678 [info] <0.76.0>@sulibarri_dht_node:handle_call:62 Join request recieved, requesting data.
2015-04-16 12:41:39.678 [info] <0.76.0>@sulibarri_dht_node:handle_call:78 Recieved data request from nodeC@localhost, sending...
2015-04-16 12:41:39.678 [info] <0.76.0>@sulibarri_dht_node:handle_cast:115 nodeC@localhost joining cluster.
2015-04-16 12:41:39.679 [info] <0.76.0>@sulibarri_dht_node:handle_cast:115 nodeC@localhost joining cluster.
2015-04-16 13:45:15.374 [info] <0.7.0> Application lager started on node nodeA@localhost
2015-04-16 13:45:15.375 [info] <0.74.0>@sulibarri_dht_ets_store:init:8 Local storage initialized.
2015-04-16 13:45:15.377 [info] <0.7.0> Application sulibarri_dht started on node nodeA@localhost
2015-04-16 13:45:27.707 [info] <0.7.0> Application lager started on node nodeB@localhost
2015-04-16 13:45:27.708 [info] <0.74.0>@sulibarri_dht_ets_store:init:8 Local storage initialized.
2015-04-16 13:45:27.711 [info] <0.7.0> Application sulibarri_dht started on node nodeB@localhost
2015-04-16 13:45:30.838 [info] <0.7.0> Application lager started on node nodeC@localhost
2015-04-16 13:45:30.839 [info] <0.74.0>@sulibarri_dht_ets_store:init:8 Local storage initialized.
2015-04-16 13:45:30.841 [info] <0.7.0> Application sulibarri_dht started on node nodeC@localhost
2015-04-16 13:45:37.170 [info] <0.7.0> Application lager started on node nodeD@localhost
2015-04-16 13:45:37.171 [info] <0.74.0>@sulibarri_dht_ets_store:init:8 Local storage initialized.
2015-04-16 13:45:37.174 [info] <0.7.0> Application sulibarri_dht started on node nodeD@localhost
